2018-01-18T11:44:26.040-05:00 WGC1W783YHM22 Metrics: Activity=Login; Session=4T; CurrentSite=PDCLOC1; LoginSite=PDCLOC1; StartDateTime=2018-01-18T11:43:42.709-05:00; EndDateTime=2018-01-18T11:44:26.040-05:00; Duration=43.342
2018-01-18T11:47:26.085-05:00 WGC1W783YHM22 Metrics: Activity=OpenFolder; Session=4T; CurrentSite=PDCLOC1; LoginSite=PDCLOC1; StartDateTime=2018-01-18T11:47:18.649-05:00; EndDateTime=2018-01-18T11:47:26.085-05:00; Duration=2.483
2018-01-18T11:51:49.496-05:00 WGC1W783YHM22 Metrics: Activity=RemoteSearch; Session=4T; CurrentSite=PDCLOC1; LoginSite=PDCLOC1; StartDateTime=2018-01-18T11:51:49.496-05:00; EndDateTime=2018-01-18T11:51:49.496-05:00; Duration=; Error="My Teamcenter TextAndRefresh Timeout"
2018-01-18T12:02:19.597-05:00 WGC1W783YHM22 Metrics: Activity=Login; Session=4T; CurrentSite=PDCLOC1; LoginSite=PDCLOC1; StartDateTime=2018-01-18T12:01:14.731-05:00; EndDateTime=2018-01-18T12:02:19.597-05:00; Duration=64.865
2018-01-18T12:05:32.315-05:00 WGC1W783YHM22 Metrics: Activity=OpenFolder; Session=4T; CurrentSite=PDCLOC1; LoginSite=PDCLOC1; StartDateTime=2018-01-18T12:05:25.010-05:00; EndDateTime=2018-01-18T12:05:32.315-05:00; Duration=2.401
2018-01-18T12:09:55.601-05:00 WGC1W783YHM22 Metrics: Activity=RemoteSearch; Session=4T; CurrentSite=PDCLOC1; LoginSite=PDCLOC1; StartDateTime=2018-01-18T12:09:55.601-05:00; EndDateTime=2018-01-18T12:09:55.601-05:00; Duration=; Error="My Teamcenter TextAndRefresh Timeout"
2018-01-18T12:21:34.331-05:00 WGC1W783YHM22 Metrics: Activity=FreezeWorkflow; Session=4T; CurrentSite=PDCLOC1; LoginSite=PDCLOC1; StartDateTime=2018-01-18T12:21:18.436-05:00; EndDateTime=2018-01-18T12:21:34.331-05:00; Duration=10.832
2018-01-18T12:22:33.631-05:00 WGC1W783YHM22 Metrics: Activity=TcRevise; Session=4T; CurrentSite=PDCLOC1; LoginSite=PDCLOC1; StartDateTime=2018-01-18T12:22:09.600-05:00; EndDateTime=2018-01-18T12:22:33.631-05:00; Duration=19.081
2018-01-18T12:23:48.068-05:00 WGC1W783YHM22 Metrics: Activity=FreezeWorkflowPublished; Session=4T; CurrentSite=PDCLOC1; LoginSite=PDCLOC1; StartDateTime=2018-01-18T12:23:31.448-05:00; EndDateTime=2018-01-18T12:23:48.068-05:00; Duration=11.584
2018-01-18T12:31:36.753-05:00 WGC1W783YHM22 Metrics: Activity=LoadInTCVis; Session=4T; CurrentSite=PDCLOC1; LoginSite=PDCLOC1; StartDateTime=2018-01-18T12:30:33.089-05:00; EndDateTime=2018-01-18T12:31:36.753-05:00; Duration=40.942
2018-01-18T12:36:55.565-05:00 WGC1W783YHM22 Metrics: Activity=CreateECN; Session=4T; CurrentSite=PDCLOC1; LoginSite=PDCLOC1; StartDateTime=2018-01-18T12:36:45.408-05:00; EndDateTime=2018-01-18T12:36:55.565-05:00; Duration=6.876
2018-01-18T12:42:15.150-05:00 WGC1W783YHM22 Metrics: Activity=WhereReferenced; Session=4T; CurrentSite=PDCLOC1; LoginSite=PDCLOC1; StartDateTime=2018-01-18T12:42:07.666-05:00; EndDateTime=2018-01-18T12:42:15.150-05:00; Duration=2.522
2018-01-18T12:42:35.438-05:00 WGC1W783YHM22 Metrics: Activity=WhereUsed; Session=4T; CurrentSite=PDCLOC1; LoginSite=PDCLOC1; StartDateTime=2018-01-18T12:42:28.010-05:00; EndDateTime=2018-01-18T12:42:35.438-05:00; Duration=2.492
2018-01-18T12:45:56.139-05:00 WGC1W783YHM22 Metrics: Activity=ChangeGroup; Session=4T; CurrentSite=PDCLOC1; LoginSite=PDCLOC1; StartDateTime=2018-01-18T12:45:39.703-05:00; EndDateTime=2018-01-18T12:45:56.139-05:00; Duration=11.482
2018-01-18T12:48:54.562-05:00 WGC1W783YHM22 Metrics: Activity=LocalSearch; Session=4T; CurrentSite=PDCLOC1; LoginSite=PDCLOC1; StartDateTime=2018-01-18T12:48:46.347-05:00; EndDateTime=2018-01-18T12:48:54.562-05:00; Duration=3.226
2018-01-18T12:51:40.055-05:00 WGC1W783YHM22 Metrics: Activity=OpenInSM; Session=4T; CurrentSite=PDCLOC1; LoginSite=PDCLOC1; StartDateTime=2018-01-18T12:51:22.314-05:00; EndDateTime=2018-01-18T12:51:40.055-05:00; Duration=12.809
2018-01-18T12:54:05.377-05:00 WGC1W783YHM22 Metrics: Activity=RevisionRule; Session=4T; CurrentSite=PDCLOC1; LoginSite=PDCLOC1; StartDateTime=2018-01-18T12:53:49.635-05:00; EndDateTime=2018-01-18T12:54:05.377-05:00; Duration=10.83
2018-01-18T13:00:22.353-05:00 WGC1W783YHM22 Metrics: Activity=LoadInCatia; Session=4T; CurrentSite=PDCLOC1; LoginSite=PDCLOC1; StartDateTime=2018-01-18T12:58:49.976-05:00; EndDateTime=2018-01-18T13:00:22.353-05:00; Duration=83.793
2018-01-18T13:01:50.730-05:00 WGC1W783YHM22 Metrics: Activity=Logout; Session=4T; CurrentSite=PDCLOC1; LoginSite=PDCLOC1; StartDateTime=2018-01-18T13:01:26.886-05:00; EndDateTime=2018-01-18T13:01:50.730-05:00; Duration=12.705
2018-01-18T13:17:17.328-05:00 WGC1W783YHM22 Metrics: Activity=Login; Session=4T; CurrentSite=PDCLOC1; LoginSite=PDCLOC1; StartDateTime=2018-01-18T13:16:25.820-05:00; EndDateTime=2018-01-18T13:17:17.328-05:00; Duration=51.518
2018-01-18T13:20:30.717-05:00 WGC1W783YHM22 Metrics: Activity=OpenFolder; Session=4T; CurrentSite=PDCLOC1; LoginSite=PDCLOC1; StartDateTime=2018-01-18T13:20:23.336-05:00; EndDateTime=2018-01-18T13:20:30.717-05:00; Duration=2.462
2018-01-18T13:24:54.418-05:00 WGC1W783YHM22 Metrics: Activity=RemoteSearch; Session=4T; CurrentSite=PDCLOC1; LoginSite=PDCLOC1; StartDateTime=2018-01-18T13:24:54.418-05:00; EndDateTime=2018-01-18T13:24:54.418-05:00; Duration=; Error="My Teamcenter TextAndRefresh Timeout"
2018-01-18T13:36:28.872-05:00 WGC1W783YHM22 Metrics: Activity=FreezeWorkflow; Session=4T; CurrentSite=PDCLOC1; LoginSite=PDCLOC1; StartDateTime=2018-01-18T13:36:13.596-05:00; EndDateTime=2018-01-18T13:36:28.872-05:00; Duration=10.316
2018-01-18T13:37:27.758-05:00 WGC1W783YHM22 Metrics: Activity=TcRevise; Session=4T; CurrentSite=PDCLOC1; LoginSite=PDCLOC1; StartDateTime=2018-01-18T13:37:03.693-05:00; EndDateTime=2018-01-18T13:37:27.758-05:00; Duration=19.114
2018-01-18T13:38:43.315-05:00 WGC1W783YHM22 Metrics: Activity=FreezeWorkflowPublished; Session=4T; CurrentSite=PDCLOC1; LoginSite=PDCLOC1; StartDateTime=2018-01-18T13:38:25.448-05:00; EndDateTime=2018-01-18T13:38:43.315-05:00; Duration=12.724
2018-01-18T13:45:49.991-05:00 WGC1W783YHM22 Metrics: Activity=LoadInTCVis; Session=4T; CurrentSite=PDCLOC1; LoginSite=PDCLOC1; StartDateTime=2018-01-18T13:44:57.828-05:00; EndDateTime=2018-01-18T13:45:49.991-05:00; Duration=29.425
2018-01-18T13:51:09.254-05:00 WGC1W783YHM22 Metrics: Activity=CreateECN; Session=4T; CurrentSite=PDCLOC1; LoginSite=PDCLOC1; StartDateTime=2018-01-18T13:50:58.618-05:00; EndDateTime=2018-01-18T13:51:09.254-05:00; Duration=7.33
2018-01-18T13:56:25.913-05:00 WGC1W783YHM22 Metrics: Activity=WhereReferenced; Session=4T; CurrentSite=PDCLOC1; LoginSite=PDCLOC1; StartDateTime=2018-01-18T13:56:18.492-05:00; EndDateTime=2018-01-18T13:56:25.913-05:00; Duration=2.51
2018-01-18T13:56:46.336-05:00 WGC1W783YHM22 Metrics: Activity=WhereUsed; Session=4T; CurrentSite=PDCLOC1; LoginSite=PDCLOC1; StartDateTime=2018-01-18T13:56:38.789-05:00; EndDateTime=2018-01-18T13:56:46.336-05:00; Duration=2.589
2018-01-18T14:01:29.345-05:00 WGC1W783YHM22 Metrics: Activity=Login; Session=4T; CurrentSite=PDCLOC1; LoginSite=PDCLOC1; StartDateTime=2018-01-18T14:00:21.865-05:00; EndDateTime=2018-01-18T14:01:29.345-05:00; Duration=67.491
2018-01-18T14:04:42.831-05:00 WGC1W783YHM22 Metrics: Activity=OpenFolder; Session=4T; CurrentSite=PDCLOC1; LoginSite=PDCLOC1; StartDateTime=2018-01-18T14:04:35.379-05:00; EndDateTime=2018-01-18T14:04:42.831-05:00; Duration=2.497
2018-01-18T14:09:07.192-05:00 WGC1W783YHM22 Metrics: Activity=RemoteSearch; Session=4T; CurrentSite=PDCLOC1; LoginSite=PDCLOC1; StartDateTime=2018-01-18T14:09:07.192-05:00; EndDateTime=2018-01-18T14:09:07.192-05:00; Duration=; Error="My Teamcenter TextAndRefresh Timeout"
2018-01-18T14:20:51.417-05:00 WGC1W783YHM22 Metrics: Activity=FreezeWorkflow; Session=4T; CurrentSite=PDCLOC1; LoginSite=PDCLOC1; StartDateTime=2018-01-18T14:20:30.797-05:00; EndDateTime=2018-01-18T14:20:51.417-05:00; Duration=15.68
2018-01-18T14:21:50.802-05:00 WGC1W783YHM22 Metrics: Activity=TcRevise; Session=4T; CurrentSite=PDCLOC1; LoginSite=PDCLOC1; StartDateTime=2018-01-18T14:21:26.790-05:00; EndDateTime=2018-01-18T14:21:50.802-05:00; Duration=19.038
2018-01-18T14:23:11.822-05:00 WGC1W783YHM22 Metrics: Activity=FreezeWorkflowPublished; Session=4T; CurrentSite=PDCLOC1; LoginSite=PDCLOC1; StartDateTime=2018-01-18T14:22:48.471-05:00; EndDateTime=2018-01-18T14:23:11.822-05:00; Duration=18.381
2018-01-18T14:30:53.148-05:00 WGC1W783YHM22 Metrics: Activity=LoadInTCVis; Session=4T; CurrentSite=PDCLOC1; LoginSite=PDCLOC1; StartDateTime=2018-01-18T14:29:57.338-05:00; EndDateTime=2018-01-18T14:30:53.148-05:00; Duration=33.055
2018-01-18T14:36:12.194-05:00 WGC1W783YHM22 Metrics: Activity=CreateECN; Session=4T; CurrentSite=PDCLOC1; LoginSite=PDCLOC1; StartDateTime=2018-01-18T14:36:01.757-05:00; EndDateTime=2018-01-18T14:36:12.194-05:00; Duration=7.083
2018-01-18T14:41:31.398-05:00 WGC1W783YHM22 Metrics: Activity=WhereReferenced; Session=4T; CurrentSite=PDCLOC1; LoginSite=PDCLOC1; StartDateTime=2018-01-18T14:41:23.959-05:00; EndDateTime=2018-01-18T14:41:31.398-05:00; Duration=2.554
2018-01-18T14:41:51.703-05:00 WGC1W783YHM22 Metrics: Activity=WhereUsed; Session=4T; CurrentSite=PDCLOC1; LoginSite=PDCLOC1; StartDateTime=2018-01-18T14:41:44.257-05:00; EndDateTime=2018-01-18T14:41:51.703-05:00; Duration=2.527
2018-01-18T14:45:13.566-05:00 WGC1W783YHM22 Metrics: Activity=ChangeGroup; Session=4T; CurrentSite=PDCLOC1; LoginSite=PDCLOC1; StartDateTime=2018-01-18T14:44:55.907-05:00; EndDateTime=2018-01-18T14:45:13.566-05:00; Duration=12.69
2018-01-18T14:48:13.122-05:00 WGC1W783YHM22 Metrics: Activity=LocalSearch; Session=4T; CurrentSite=PDCLOC1; LoginSite=PDCLOC1; StartDateTime=2018-01-18T14:48:04.747-05:00; EndDateTime=2018-01-18T14:48:13.122-05:00; Duration=3.433
2018-01-18T14:50:55.605-05:00 WGC1W783YHM22 Metrics: Activity=OpenInSM; Session=4T; CurrentSite=PDCLOC1; LoginSite=PDCLOC1; StartDateTime=2018-01-18T14:50:38.372-05:00; EndDateTime=2018-01-18T14:50:55.605-05:00; Duration=12.341
2018-01-18T14:53:20.210-05:00 WGC1W783YHM22 Metrics: Activity=RevisionRule; Session=4T; CurrentSite=PDCLOC1; LoginSite=PDCLOC1; StartDateTime=2018-01-18T14:53:05.041-05:00; EndDateTime=2018-01-18T14:53:20.210-05:00; Duration=10.225
2018-01-18T14:58:14.989-05:00 WGC1W783YHM22 Metrics: Activity=LoadInCatia; Session=4T; CurrentSite=PDCLOC1; LoginSite=PDCLOC1; StartDateTime=2018-01-18T14:57:38.031-05:00; EndDateTime=2018-01-18T14:58:14.989-05:00; Duration=28.386
2018-01-18T14:59:43.557-05:00 WGC1W783YHM22 Metrics: Activity=Logout; Session=4T; CurrentSite=PDCLOC1; LoginSite=PDCLOC1; StartDateTime=2018-01-18T14:59:18.597-05:00; EndDateTime=2018-01-18T14:59:43.557-05:00; Duration=13.797
2018-01-18T15:05:20.883-05:00 WGC1W783YHM22 Metrics: Activity=Login; Session=4T; CurrentSite=PDCLOC1; LoginSite=PDCLOC1; StartDateTime=2018-01-18T15:05:20.883-05:00; EndDateTime=2018-01-18T15:05:20.883-05:00; Duration=; Error="Getting Started WinWait Timeout"
2018-01-19T08:36:04.033-05:00 WGC1W783YHM22 Metrics: Activity=Login; Session=4T; CurrentSite=PDCLOC1; LoginSite=PDCLOC1; StartDateTime=2018-01-19T08:33:28.045-05:00; EndDateTime=2018-01-19T08:36:04.033-05:00; Duration=156.008
2018-01-19T08:39:18.521-05:00 WGC1W783YHM22 Metrics: Activity=OpenFolder; Session=4T; CurrentSite=PDCLOC1; LoginSite=PDCLOC1; StartDateTime=2018-01-19T08:39:09.468-05:00; EndDateTime=2018-01-19T08:39:18.521-05:00; Duration=3.975
2018-01-19T08:43:43.317-05:00 WGC1W783YHM22 Metrics: Activity=RemoteSearch; Session=4T; CurrentSite=PDCLOC1; LoginSite=PDCLOC1; StartDateTime=2018-01-19T08:43:43.317-05:00; EndDateTime=2018-01-19T08:43:43.317-05:00; Duration=; Error="My Teamcenter TextAndRefresh Timeout"
2018-01-19T08:55:34.121-05:00 WGC1W783YHM22 Metrics: Activity=FreezeWorkflow; Session=4T; CurrentSite=PDCLOC1; LoginSite=PDCLOC1; StartDateTime=2018-01-19T08:55:15.627-05:00; EndDateTime=2018-01-19T08:55:34.121-05:00; Duration=13.539
2018-01-19T08:56:34.155-05:00 WGC1W783YHM22 Metrics: Activity=TcRevise; Session=4T; CurrentSite=PDCLOC1; LoginSite=PDCLOC1; StartDateTime=2018-01-19T08:56:10.049-05:00; EndDateTime=2018-01-19T08:56:34.155-05:00; Duration=19.141
2018-01-19T08:57:59.280-05:00 WGC1W783YHM22 Metrics: Activity=FreezeWorkflowPublished; Session=4T; CurrentSite=PDCLOC1; LoginSite=PDCLOC1; StartDateTime=2018-01-19T08:57:31.930-05:00; EndDateTime=2018-01-19T08:57:59.280-05:00; Duration=22.375
2018-01-19T09:05:21.007-05:00 WGC1W783YHM22 Metrics: Activity=Login; Session=4T; CurrentSite=PDCLOC1; LoginSite=PDCLOC1; StartDateTime=2018-01-19T09:05:21.007-05:00; EndDateTime=2018-01-19T09:05:21.007-05:00; Duration=; Error="Getting Started WinWait Timeout"
2018-01-19T09:11:07.158-05:00 WGC1W783YHM22 Metrics: Activity=Login; Session=4T; CurrentSite=PDCLOC1; LoginSite=PDCLOC1; StartDateTime=2018-01-19T09:11:07.158-05:00; EndDateTime=2018-01-19T09:11:07.158-05:00; Duration=; Error="Getting Started WinWait Timeout"
2018-01-19T09:19:08.548-05:00 WGC1W783YHM22 Metrics: Activity=Login; Session=4T; CurrentSite=PDCLOC1; LoginSite=PDCLOC1; StartDateTime=2018-01-19T09:19:08.548-05:00; EndDateTime=2018-01-19T09:19:08.548-05:00; Duration=; Error="Getting Started WinWait Timeout"
2018-01-19T09:41:08.680-05:00 WGC1W783YHM22 Metrics: Activity=Login; Session=4T; CurrentSite=PDCLOC1; LoginSite=PDCLOC1; StartDateTime=2018-01-19T09:40:21.857-05:00; EndDateTime=2018-01-19T09:41:08.680-05:00; Duration=46.832
2018-01-19T09:44:21.812-05:00 WGC1W783YHM22 Metrics: Activity=OpenFolder; Session=4T; CurrentSite=PDCLOC1; LoginSite=PDCLOC1; StartDateTime=2018-01-19T09:44:14.528-05:00; EndDateTime=2018-01-19T09:44:21.812-05:00; Duration=2.369
2018-01-19T09:48:44.980-05:00 WGC1W783YHM22 Metrics: Activity=RemoteSearch; Session=4T; CurrentSite=PDCLOC1; LoginSite=PDCLOC1; StartDateTime=2018-01-19T09:48:44.980-05:00; EndDateTime=2018-01-19T09:48:44.980-05:00; Duration=; Error="My Teamcenter TextAndRefresh Timeout"
2018-01-19T10:01:09.097-05:00 WGC1W783YHM22 Metrics: Activity=Login; Session=4T; CurrentSite=PDCLOC1; LoginSite=PDCLOC1; StartDateTime=2018-01-19T10:00:20.882-05:00; EndDateTime=2018-01-19T10:01:09.097-05:00; Duration=48.221
2018-01-19T10:04:22.298-05:00 WGC1W783YHM22 Metrics: Activity=OpenFolder; Session=4T; CurrentSite=PDCLOC1; LoginSite=PDCLOC1; StartDateTime=2018-01-19T10:04:15.027-05:00; EndDateTime=2018-01-19T10:04:22.298-05:00; Duration=2.385
2018-01-19T10:08:46.477-05:00 WGC1W783YHM22 Metrics: Activity=RemoteSearch; Session=4T; CurrentSite=PDCLOC1; LoginSite=PDCLOC1; StartDateTime=2018-01-19T10:08:46.477-05:00; EndDateTime=2018-01-19T10:08:46.477-05:00; Duration=; Error="My Teamcenter TextAndRefresh Timeout"
2018-01-19T10:20:19.634-05:00 WGC1W783YHM22 Metrics: Activity=FreezeWorkflow; Session=4T; CurrentSite=PDCLOC1; LoginSite=PDCLOC1; StartDateTime=2018-01-19T10:20:06.674-05:00; EndDateTime=2018-01-19T10:20:19.634-05:00; Duration=8.008
2018-01-19T10:21:18.536-05:00 WGC1W783YHM22 Metrics: Activity=TcRevise; Session=4T; CurrentSite=PDCLOC1; LoginSite=PDCLOC1; StartDateTime=2018-01-19T10:20:54.556-05:00; EndDateTime=2018-01-19T10:21:18.536-05:00; Duration=19.029
2018-01-19T10:22:34.893-05:00 WGC1W783YHM22 Metrics: Activity=FreezeWorkflowPublished; Session=4T; CurrentSite=PDCLOC1; LoginSite=PDCLOC1; StartDateTime=2018-01-19T10:22:16.293-05:00; EndDateTime=2018-01-19T10:22:34.893-05:00; Duration=13.654
2018-01-19T10:30:00.372-05:00 WGC1W783YHM22 Metrics: Activity=LoadInTCVis; Session=4T; CurrentSite=PDCLOC1; LoginSite=PDCLOC1; StartDateTime=2018-01-19T10:28:50.002-05:00; EndDateTime=2018-01-19T10:30:00.372-05:00; Duration=47.645
2018-01-19T10:35:24.510-05:00 WGC1W783YHM22 Metrics: Activity=CreateECN; Session=4T; CurrentSite=PDCLOC1; LoginSite=PDCLOC1; StartDateTime=2018-01-19T10:35:10.542-05:00; EndDateTime=2018-01-19T10:35:24.510-05:00; Duration=10.647
2018-01-19T10:40:44.257-05:00 WGC1W783YHM22 Metrics: Activity=WhereReferenced; Session=4T; CurrentSite=PDCLOC1; LoginSite=PDCLOC1; StartDateTime=2018-01-19T10:40:36.813-05:00; EndDateTime=2018-01-19T10:40:44.257-05:00; Duration=2.519
2018-01-19T10:41:04.591-05:00 WGC1W783YHM22 Metrics: Activity=WhereUsed; Session=4T; CurrentSite=PDCLOC1; LoginSite=PDCLOC1; StartDateTime=2018-01-19T10:40:57.138-05:00; EndDateTime=2018-01-19T10:41:04.591-05:00; Duration=2.558
2018-01-19T10:44:28.564-05:00 WGC1W783YHM22 Metrics: Activity=ChangeGroup; Session=4T; CurrentSite=PDCLOC1; LoginSite=PDCLOC1; StartDateTime=2018-01-19T10:44:08.576-05:00; EndDateTime=2018-01-19T10:44:28.564-05:00; Duration=15.046
2018-01-19T10:47:27.491-05:00 WGC1W783YHM22 Metrics: Activity=LocalSearch; Session=4T; CurrentSite=PDCLOC1; LoginSite=PDCLOC1; StartDateTime=2018-01-19T10:47:18.381-05:00; EndDateTime=2018-01-19T10:47:27.491-05:00; Duration=4.084
2018-01-19T10:50:10.701-05:00 WGC1W783YHM22 Metrics: Activity=OpenInSM; Session=4T; CurrentSite=PDCLOC1; LoginSite=PDCLOC1; StartDateTime=2018-01-19T10:49:54.165-05:00; EndDateTime=2018-01-19T10:50:10.701-05:00; Duration=11.498
2018-01-19T10:52:33.385-05:00 WGC1W783YHM22 Metrics: Activity=RevisionRule; Session=4T; CurrentSite=PDCLOC1; LoginSite=PDCLOC1; StartDateTime=2018-01-19T10:52:20.122-05:00; EndDateTime=2018-01-19T10:52:33.385-05:00; Duration=8.352
2018-01-19T10:58:42.379-05:00 WGC1W783YHM22 Metrics: Activity=LoadInCatia; Session=4T; CurrentSite=PDCLOC1; LoginSite=PDCLOC1; StartDateTime=2018-01-19T10:57:22.753-05:00; EndDateTime=2018-01-19T10:58:42.379-05:00; Duration=71.022
2018-01-19T11:01:28.809-05:00 WGC1W783YHM22 Metrics: Activity=Login; Session=4T; CurrentSite=PDCLOC1; LoginSite=PDCLOC1; StartDateTime=2018-01-19T11:00:21.026-05:00; EndDateTime=2018-01-19T11:01:28.809-05:00; Duration=67.789
2018-01-19T12:05:20.742-05:00 WGC1W783YHM22 Metrics: Activity=Login; Session=4T; CurrentSite=PDCLOC1; LoginSite=PDCLOC1; StartDateTime=2018-01-19T12:05:20.742-05:00; EndDateTime=2018-01-19T12:05:20.742-05:00; Duration=; Error="Getting Started WinWait Timeout"
2018-01-19T13:01:19.006-05:00 WGC1W783YHM22 Metrics: Activity=Login; Session=4T; CurrentSite=PDCLOC1; LoginSite=PDCLOC1; StartDateTime=2018-01-19T13:00:20.963-05:00; EndDateTime=2018-01-19T13:01:19.006-05:00; Duration=58.047
2018-01-19T14:01:18.871-05:00 WGC1W783YHM22 Metrics: Activity=Login; Session=4T; CurrentSite=PDCLOC1; LoginSite=PDCLOC1; StartDateTime=2018-01-19T14:00:20.850-05:00; EndDateTime=2018-01-19T14:01:18.871-05:00; Duration=58.028
2018-01-19T15:01:06.184-05:00 WGC1W783YHM22 Metrics: Activity=Login; Session=4T; CurrentSite=PDCLOC1; LoginSite=PDCLOC1; StartDateTime=2018-01-19T15:00:20.829-05:00; EndDateTime=2018-01-19T15:01:06.184-05:00; Duration=45.36
2018-01-19T16:01:05.291-05:00 WGC1W783YHM22 Metrics: Activity=Login; Session=4T; CurrentSite=PDCLOC1; LoginSite=PDCLOC1; StartDateTime=2018-01-19T16:00:20.944-05:00; EndDateTime=2018-01-19T16:01:05.291-05:00; Duration=44.354
2018-01-19T17:01:13.017-05:00 WGC1W783YHM22 Metrics: Activity=Login; Session=4T; CurrentSite=PDCLOC1; LoginSite=PDCLOC1; StartDateTime=2018-01-19T17:00:20.824-05:00; EndDateTime=2018-01-19T17:01:13.017-05:00; Duration=52.201
2018-01-19T18:01:03.648-05:00 WGC1W783YHM22 Metrics: Activity=Login; Session=4T; CurrentSite=PDCLOC1; LoginSite=PDCLOC1; StartDateTime=2018-01-19T18:00:20.896-05:00; EndDateTime=2018-01-19T18:01:03.648-05:00; Duration=42.759
2018-01-19T19:01:02.181-05:00 WGC1W783YHM22 Metrics: Activity=Login; Session=4T; CurrentSite=PDCLOC1; LoginSite=PDCLOC1; StartDateTime=2018-01-19T19:00:20.846-05:00; EndDateTime=2018-01-19T19:01:02.181-05:00; Duration=41.342
2018-01-19T20:01:33.212-05:00 WGC1W783YHM22 Metrics: Activity=Login; Session=4T; CurrentSite=PDCLOC1; LoginSite=PDCLOC1; StartDateTime=2018-01-19T20:00:21.316-05:00; EndDateTime=2018-01-19T20:01:33.212-05:00; Duration=71.902
2018-01-19T20:04:45.053-05:00 WGC1W783YHM22 Metrics: Activity=OpenFolder; Session=4T; CurrentSite=PDCLOC1; LoginSite=PDCLOC1; StartDateTime=2018-01-19T20:04:37.749-05:00; EndDateTime=2018-01-19T20:04:45.053-05:00; Duration=2.372
2018-01-19T20:09:08.248-05:00 WGC1W783YHM22 Metrics: Activity=RemoteSearch; Session=4T; CurrentSite=PDCLOC1; LoginSite=PDCLOC1; StartDateTime=2018-01-19T20:09:08.248-05:00; EndDateTime=2018-01-19T20:09:08.248-05:00; Duration=; Error="My Teamcenter TextAndRefresh Timeout"
2018-01-19T20:20:43.575-05:00 WGC1W783YHM22 Metrics: Activity=FreezeWorkflow; Session=4T; CurrentSite=PDCLOC1; LoginSite=PDCLOC1; StartDateTime=2018-01-19T20:20:28.392-05:00; EndDateTime=2018-01-19T20:20:43.575-05:00; Duration=10.13
2018-01-19T20:21:42.404-05:00 WGC1W783YHM22 Metrics: Activity=TcRevise; Session=4T; CurrentSite=PDCLOC1; LoginSite=PDCLOC1; StartDateTime=2018-01-19T20:21:18.351-05:00; EndDateTime=2018-01-19T20:21:42.404-05:00; Duration=19.096
2018-01-19T20:22:58.946-05:00 WGC1W783YHM22 Metrics: Activity=FreezeWorkflowPublished; Session=4T; CurrentSite=PDCLOC1; LoginSite=PDCLOC1; StartDateTime=2018-01-19T20:22:40.190-05:00; EndDateTime=2018-01-19T20:22:58.946-05:00; Duration=13.814
2018-01-19T20:30:40.553-05:00 WGC1W783YHM22 Metrics: Activity=LoadInTCVis; Session=4T; CurrentSite=PDCLOC1; LoginSite=PDCLOC1; StartDateTime=2018-01-19T20:29:43.517-05:00; EndDateTime=2018-01-19T20:30:40.553-05:00; Duration=34.308
2018-01-19T20:36:02.953-05:00 WGC1W783YHM22 Metrics: Activity=CreateECN; Session=4T; CurrentSite=PDCLOC1; LoginSite=PDCLOC1; StartDateTime=2018-01-19T20:35:52.075-05:00; EndDateTime=2018-01-19T20:36:02.953-05:00; Duration=7.587
2018-01-19T20:41:26.372-05:00 WGC1W783YHM22 Metrics: Activity=WhereReferenced; Session=4T; CurrentSite=PDCLOC1; LoginSite=PDCLOC1; StartDateTime=2018-01-19T20:41:18.874-05:00; EndDateTime=2018-01-19T20:41:26.372-05:00; Duration=2.61
2018-01-19T20:41:46.732-05:00 WGC1W783YHM22 Metrics: Activity=WhereUsed; Session=4T; CurrentSite=PDCLOC1; LoginSite=PDCLOC1; StartDateTime=2018-01-19T20:41:39.232-05:00; EndDateTime=2018-01-19T20:41:46.732-05:00; Duration=2.554
2018-01-19T20:45:08.575-05:00 WGC1W783YHM22 Metrics: Activity=ChangeGroup; Session=4T; CurrentSite=PDCLOC1; LoginSite=PDCLOC1; StartDateTime=2018-01-19T20:44:51.529-05:00; EndDateTime=2018-01-19T20:45:08.575-05:00; Duration=12.095
2018-01-19T20:48:06.518-05:00 WGC1W783YHM22 Metrics: Activity=LocalSearch; Session=4T; CurrentSite=PDCLOC1; LoginSite=PDCLOC1; StartDateTime=2018-01-19T20:47:58.382-05:00; EndDateTime=2018-01-19T20:48:06.518-05:00; Duration=2.968
2018-01-19T20:50:51.890-05:00 WGC1W783YHM22 Metrics: Activity=OpenInSM; Session=4T; CurrentSite=PDCLOC1; LoginSite=PDCLOC1; StartDateTime=2018-01-19T20:50:32.800-05:00; EndDateTime=2018-01-19T20:50:51.890-05:00; Duration=14.162
2018-01-19T20:53:17.129-05:00 WGC1W783YHM22 Metrics: Activity=RevisionRule; Session=4T; CurrentSite=PDCLOC1; LoginSite=PDCLOC1; StartDateTime=2018-01-19T20:53:01.385-05:00; EndDateTime=2018-01-19T20:53:17.129-05:00; Duration=10.838
2018-01-19T20:58:42.337-05:00 WGC1W783YHM22 Metrics: Activity=LoadInCatia; Session=4T; CurrentSite=PDCLOC1; LoginSite=PDCLOC1; StartDateTime=2018-01-19T20:58:04.614-05:00; EndDateTime=2018-01-19T20:58:42.337-05:00; Duration=29.169
2018-01-19T21:01:20.077-05:00 WGC1W783YHM22 Metrics: Activity=Login; Session=4T; CurrentSite=PDCLOC1; LoginSite=PDCLOC1; StartDateTime=2018-01-19T21:00:21.671-05:00; EndDateTime=2018-01-19T21:01:20.077-05:00; Duration=58.414
2018-01-19T22:01:32.460-05:00 WGC1W783YHM22 Metrics: Activity=Login; Session=4T; CurrentSite=PDCLOC1; LoginSite=PDCLOC1; StartDateTime=2018-01-19T22:00:20.981-05:00; EndDateTime=2018-01-19T22:01:32.460-05:00; Duration=71.486
2018-01-19T23:01:22.676-05:00 WGC1W783YHM22 Metrics: Activity=Login; Session=4T; CurrentSite=PDCLOC1; LoginSite=PDCLOC1; StartDateTime=2018-01-19T23:00:19.984-05:00; EndDateTime=2018-01-19T23:01:22.676-05:00; Duration=62.701
2018-01-20T00:01:21.953-05:00 WGC1W783YHM22 Metrics: Activity=Login; Session=4T; CurrentSite=PDCLOC1; LoginSite=PDCLOC1; StartDateTime=2018-01-20T00:00:20.015-05:00; EndDateTime=2018-01-20T00:01:21.953-05:00; Duration=61.944
2018-01-20T01:01:30.248-05:00 WGC1W783YHM22 Metrics: Activity=Login; Session=4T; CurrentSite=PDCLOC1; LoginSite=PDCLOC1; StartDateTime=2018-01-20T01:00:19.935-05:00; EndDateTime=2018-01-20T01:01:30.248-05:00; Duration=70.319
2018-01-20T02:01:05.501-05:00 WGC1W783YHM22 Metrics: Activity=Login; Session=4T; CurrentSite=PDCLOC1; LoginSite=PDCLOC1; StartDateTime=2018-01-20T02:00:20.202-05:00; EndDateTime=2018-01-20T02:01:05.501-05:00; Duration=45.305
2018-01-20T02:04:18.203-05:00 WGC1W783YHM22 Metrics: Activity=OpenFolder; Session=4T; CurrentSite=PDCLOC1; LoginSite=PDCLOC1; StartDateTime=2018-01-20T02:04:10.870-05:00; EndDateTime=2018-01-20T02:04:18.203-05:00; Duration=2.408
2018-01-20T02:08:41.580-05:00 WGC1W783YHM22 Metrics: Activity=RemoteSearch; Session=4T; CurrentSite=PDCLOC1; LoginSite=PDCLOC1; StartDateTime=2018-01-20T02:08:41.580-05:00; EndDateTime=2018-01-20T02:08:41.580-05:00; Duration=; Error="My Teamcenter TextAndRefresh Timeout"
2018-01-20T02:20:13.798-05:00 WGC1W783YHM22 Metrics: Activity=FreezeWorkflow; Session=4T; CurrentSite=PDCLOC1; LoginSite=PDCLOC1; StartDateTime=2018-01-20T02:19:59.582-05:00; EndDateTime=2018-01-20T02:20:13.798-05:00; Duration=9.254
2018-01-20T02:21:12.604-05:00 WGC1W783YHM22 Metrics: Activity=TcRevise; Session=4T; CurrentSite=PDCLOC1; LoginSite=PDCLOC1; StartDateTime=2018-01-20T02:20:48.601-05:00; EndDateTime=2018-01-20T02:21:12.604-05:00; Duration=19.057
2018-01-20T02:22:26.930-05:00 WGC1W783YHM22 Metrics: Activity=FreezeWorkflowPublished; Session=4T; CurrentSite=PDCLOC1; LoginSite=PDCLOC1; StartDateTime=2018-01-20T02:22:10.415-05:00; EndDateTime=2018-01-20T02:22:26.930-05:00; Duration=11.574
2018-01-20T02:30:03.940-05:00 WGC1W783YHM22 Metrics: Activity=LoadInTCVis; Session=4T; CurrentSite=PDCLOC1; LoginSite=PDCLOC1; StartDateTime=2018-01-20T02:29:12.406-05:00; EndDateTime=2018-01-20T02:30:03.940-05:00; Duration=28.813
2018-01-20T02:35:23.054-05:00 WGC1W783YHM22 Metrics: Activity=CreateECN; Session=4T; CurrentSite=PDCLOC1; LoginSite=PDCLOC1; StartDateTime=2018-01-20T02:35:12.904-05:00; EndDateTime=2018-01-20T02:35:23.054-05:00; Duration=6.844
2018-01-20T02:40:37.185-05:00 WGC1W783YHM22 Metrics: Activity=WhereReferenced; Session=4T; CurrentSite=PDCLOC1; LoginSite=PDCLOC1; StartDateTime=2018-01-20T02:40:29.747-05:00; EndDateTime=2018-01-20T02:40:37.185-05:00; Duration=2.503
2018-01-20T02:40:57.451-05:00 WGC1W783YHM22 Metrics: Activity=WhereUsed; Session=4T; CurrentSite=PDCLOC1; LoginSite=PDCLOC1; StartDateTime=2018-01-20T02:40:50.054-05:00; EndDateTime=2018-01-20T02:40:57.451-05:00; Duration=2.453
2018-01-20T02:44:17.505-05:00 WGC1W783YHM22 Metrics: Activity=ChangeGroup; Session=4T; CurrentSite=PDCLOC1; LoginSite=PDCLOC1; StartDateTime=2018-01-20T02:44:02.241-05:00; EndDateTime=2018-01-20T02:44:17.505-05:00; Duration=10.342
2018-01-20T02:47:12.006-05:00 WGC1W783YHM22 Metrics: Activity=LocalSearch; Session=4T; CurrentSite=PDCLOC1; LoginSite=PDCLOC1; StartDateTime=2018-01-20T02:47:04.577-05:00; EndDateTime=2018-01-20T02:47:12.006-05:00; Duration=2.503
2018-01-20T02:49:52.515-05:00 WGC1W783YHM22 Metrics: Activity=OpenInSM; Session=4T; CurrentSite=PDCLOC1; LoginSite=PDCLOC1; StartDateTime=2018-01-20T02:49:37.596-05:00; EndDateTime=2018-01-20T02:49:52.515-05:00; Duration=9.881
2018-01-20T02:52:16.028-05:00 WGC1W783YHM22 Metrics: Activity=RevisionRule; Session=4T; CurrentSite=PDCLOC1; LoginSite=PDCLOC1; StartDateTime=2018-01-20T02:52:01.910-05:00; EndDateTime=2018-01-20T02:52:16.028-05:00; Duration=9.168
2018-01-20T02:57:23.264-05:00 WGC1W783YHM22 Metrics: Activity=LoadInCatia; Session=4T; CurrentSite=PDCLOC1; LoginSite=PDCLOC1; StartDateTime=2018-01-20T02:56:50.647-05:00; EndDateTime=2018-01-20T02:57:23.264-05:00; Duration=24.026
2018-01-20T02:58:51.009-05:00 WGC1W783YHM22 Metrics: Activity=Logout; Session=4T; CurrentSite=PDCLOC1; LoginSite=PDCLOC1; StartDateTime=2018-01-20T02:58:26.914-05:00; EndDateTime=2018-01-20T02:58:51.009-05:00; Duration=12.926
2018-01-20T03:01:01.883-05:00 WGC1W783YHM22 Metrics: Activity=Login; Session=4T; CurrentSite=PDCLOC1; LoginSite=PDCLOC1; StartDateTime=2018-01-20T03:00:19.905-05:00; EndDateTime=2018-01-20T03:01:01.883-05:00; Duration=41.982
2018-01-20T04:01:02.587-05:00 WGC1W783YHM22 Metrics: Activity=Login; Session=4T; CurrentSite=PDCLOC1; LoginSite=PDCLOC1; StartDateTime=2018-01-20T04:00:20.094-05:00; EndDateTime=2018-01-20T04:01:02.587-05:00; Duration=42.5
2018-01-20T05:01:00.056-05:00 WGC1W783YHM22 Metrics: Activity=Login; Session=4T; CurrentSite=PDCLOC1; LoginSite=PDCLOC1; StartDateTime=2018-01-20T05:00:19.942-05:00; EndDateTime=2018-01-20T05:01:00.056-05:00; Duration=40.12
2018-01-20T06:01:00.221-05:00 WGC1W783YHM22 Metrics: Activity=Login; Session=4T; CurrentSite=PDCLOC1; LoginSite=PDCLOC1; StartDateTime=2018-01-20T06:00:19.813-05:00; EndDateTime=2018-01-20T06:01:00.221-05:00; Duration=40.416
2018-01-20T07:00:59.800-05:00 WGC1W783YHM22 Metrics: Activity=Login; Session=4T; CurrentSite=PDCLOC1; LoginSite=PDCLOC1; StartDateTime=2018-01-20T07:00:20.134-05:00; EndDateTime=2018-01-20T07:00:59.800-05:00; Duration=39.674
2018-01-20T08:01:00.732-05:00 WGC1W783YHM22 Metrics: Activity=Login; Session=4T; CurrentSite=PDCLOC1; LoginSite=PDCLOC1; StartDateTime=2018-01-20T08:00:20.117-05:00; EndDateTime=2018-01-20T08:01:00.732-05:00; Duration=40.622
2018-01-20T09:01:03.048-05:00 WGC1W783YHM22 Metrics: Activity=Login; Session=4T; CurrentSite=PDCLOC1; LoginSite=PDCLOC1; StartDateTime=2018-01-20T09:00:20.130-05:00; EndDateTime=2018-01-20T09:01:03.048-05:00; Duration=42.926
2018-01-20T09:04:15.811-05:00 WGC1W783YHM22 Metrics: Activity=OpenFolder; Session=4T; CurrentSite=PDCLOC1; LoginSite=PDCLOC1; StartDateTime=2018-01-20T09:04:08.541-05:00; EndDateTime=2018-01-20T09:04:15.811-05:00; Duration=2.371
2018-01-20T09:08:39.186-05:00 WGC1W783YHM22 Metrics: Activity=RemoteSearch; Session=4T; CurrentSite=PDCLOC1; LoginSite=PDCLOC1; StartDateTime=2018-01-20T09:08:39.186-05:00; EndDateTime=2018-01-20T09:08:39.186-05:00; Duration=; Error="My Teamcenter TextAndRefresh Timeout"
2018-01-20T09:20:09.597-05:00 WGC1W783YHM22 Metrics: Activity=FreezeWorkflow; Session=4T; CurrentSite=PDCLOC1; LoginSite=PDCLOC1; StartDateTime=2018-01-20T09:19:56.502-05:00; EndDateTime=2018-01-20T09:20:09.597-05:00; Duration=8.009
2018-01-20T09:21:08.383-05:00 WGC1W783YHM22 Metrics: Activity=TcRevise; Session=4T; CurrentSite=PDCLOC1; LoginSite=PDCLOC1; StartDateTime=2018-01-20T09:20:44.373-05:00; EndDateTime=2018-01-20T09:21:08.383-05:00; Duration=19.036
2018-01-20T09:22:21.188-05:00 WGC1W783YHM22 Metrics: Activity=FreezeWorkflowPublished; Session=4T; CurrentSite=PDCLOC1; LoginSite=PDCLOC1; StartDateTime=2018-01-20T09:22:06.205-05:00; EndDateTime=2018-01-20T09:22:21.188-05:00; Duration=9.823
2018-01-20T09:29:28.741-05:00 WGC1W783YHM22 Metrics: Activity=LoadInTCVis; Session=4T; CurrentSite=PDCLOC1; LoginSite=PDCLOC1; StartDateTime=2018-01-20T09:28:35.420-05:00; EndDateTime=2018-01-20T09:29:28.741-05:00; Duration=30.581
2018-01-20T09:34:48.223-05:00 WGC1W783YHM22 Metrics: Activity=CreateECN; Session=4T; CurrentSite=PDCLOC1; LoginSite=PDCLOC1; StartDateTime=2018-01-20T09:34:37.744-05:00; EndDateTime=2018-01-20T09:34:48.223-05:00; Duration=7.161
2018-01-20T09:40:02.978-05:00 WGC1W783YHM22 Metrics: Activity=WhereReferenced; Session=4T; CurrentSite=PDCLOC1; LoginSite=PDCLOC1; StartDateTime=2018-01-20T09:39:55.546-05:00; EndDateTime=2018-01-20T09:40:02.978-05:00; Duration=2.482
2018-01-20T09:40:23.269-05:00 WGC1W783YHM22 Metrics: Activity=WhereUsed; Session=4T; CurrentSite=PDCLOC1; LoginSite=PDCLOC1; StartDateTime=2018-01-20T09:40:15.837-05:00; EndDateTime=2018-01-20T09:40:23.269-05:00; Duration=2.52
2018-01-20T09:43:43.283-05:00 WGC1W783YHM22 Metrics: Activity=ChangeGroup; Session=4T; CurrentSite=PDCLOC1; LoginSite=PDCLOC1; StartDateTime=2018-01-20T09:43:28.309-05:00; EndDateTime=2018-01-20T09:43:43.283-05:00; Duration=10.071
2018-01-20T09:46:38.079-05:00 WGC1W783YHM22 Metrics: Activity=LocalSearch; Session=4T; CurrentSite=PDCLOC1; LoginSite=PDCLOC1; StartDateTime=2018-01-20T09:46:30.137-05:00; EndDateTime=2018-01-20T09:46:38.079-05:00; Duration=2.846
2018-01-20T09:49:17.298-05:00 WGC1W783YHM22 Metrics: Activity=OpenInSM; Session=4T; CurrentSite=PDCLOC1; LoginSite=PDCLOC1; StartDateTime=2018-01-20T09:49:03.263-05:00; EndDateTime=2018-01-20T09:49:17.298-05:00; Duration=9.09
2018-01-20T09:51:40.792-05:00 WGC1W783YHM22 Metrics: Activity=RevisionRule; Session=4T; CurrentSite=PDCLOC1; LoginSite=PDCLOC1; StartDateTime=2018-01-20T09:51:26.752-05:00; EndDateTime=2018-01-20T09:51:40.792-05:00; Duration=9.049
2018-01-20T09:56:35.143-05:00 WGC1W783YHM22 Metrics: Activity=LoadInCatia; Session=4T; CurrentSite=PDCLOC1; LoginSite=PDCLOC1; StartDateTime=2018-01-20T09:56:02.217-05:00; EndDateTime=2018-01-20T09:56:35.143-05:00; Duration=24.329
2018-01-20T09:58:02.219-05:00 WGC1W783YHM22 Metrics: Activity=Logout; Session=4T; CurrentSite=PDCLOC1; LoginSite=PDCLOC1; StartDateTime=2018-01-20T09:57:38.749-05:00; EndDateTime=2018-01-20T09:58:02.219-05:00; Duration=12.317
2018-01-20T10:01:03.449-05:00 WGC1W783YHM22 Metrics: Activity=Login; Session=4T; CurrentSite=PDCLOC1; LoginSite=PDCLOC1; StartDateTime=2018-01-20T10:00:20.394-05:00; EndDateTime=2018-01-20T10:01:03.449-05:00; Duration=43.06
2018-01-20T11:00:59.528-05:00 WGC1W783YHM22 Metrics: Activity=Login; Session=4T; CurrentSite=PDCLOC1; LoginSite=PDCLOC1; StartDateTime=2018-01-20T11:00:19.904-05:00; EndDateTime=2018-01-20T11:00:59.528-05:00; Duration=39.631
2018-01-20T12:01:02.843-05:00 WGC1W783YHM22 Metrics: Activity=Login; Session=4T; CurrentSite=PDCLOC1; LoginSite=PDCLOC1; StartDateTime=2018-01-20T12:00:20.098-05:00; EndDateTime=2018-01-20T12:01:02.843-05:00; Duration=42.756
2018-01-20T13:01:01.354-05:00 WGC1W783YHM22 Metrics: Activity=Login; Session=4T; CurrentSite=PDCLOC1; LoginSite=PDCLOC1; StartDateTime=2018-01-20T13:00:19.923-05:00; EndDateTime=2018-01-20T13:01:01.354-05:00; Duration=41.438
2018-01-20T14:01:02.698-05:00 WGC1W783YHM22 Metrics: Activity=Login; Session=4T; CurrentSite=PDCLOC1; LoginSite=PDCLOC1; StartDateTime=2018-01-20T14:00:20.104-05:00; EndDateTime=2018-01-20T14:01:02.698-05:00; Duration=42.601
2018-01-20T14:04:15.352-05:00 WGC1W783YHM22 Metrics: Activity=OpenFolder; Session=4T; CurrentSite=PDCLOC1; LoginSite=PDCLOC1; StartDateTime=2018-01-20T14:04:08.014-05:00; EndDateTime=2018-01-20T14:04:15.352-05:00; Duration=2.4
2018-01-20T14:08:39.518-05:00 WGC1W783YHM22 Metrics: Activity=RemoteSearch; Session=4T; CurrentSite=PDCLOC1; LoginSite=PDCLOC1; StartDateTime=2018-01-20T14:08:39.518-05:00; EndDateTime=2018-01-20T14:08:39.518-05:00; Duration=; Error="My Teamcenter TextAndRefresh Timeout"
2018-01-20T14:20:10.918-05:00 WGC1W783YHM22 Metrics: Activity=FreezeWorkflow; Session=4T; CurrentSite=PDCLOC1; LoginSite=PDCLOC1; StartDateTime=2018-01-20T14:19:56.768-05:00; EndDateTime=2018-01-20T14:20:10.918-05:00; Duration=8.971
2018-01-20T14:21:09.515-05:00 WGC1W783YHM22 Metrics: Activity=TcRevise; Session=4T; CurrentSite=PDCLOC1; LoginSite=PDCLOC1; StartDateTime=2018-01-20T14:20:45.552-05:00; EndDateTime=2018-01-20T14:21:09.515-05:00; Duration=19.014
2018-01-20T14:22:21.704-05:00 WGC1W783YHM22 Metrics: Activity=FreezeWorkflowPublished; Session=4T; CurrentSite=PDCLOC1; LoginSite=PDCLOC1; StartDateTime=2018-01-20T14:22:07.329-05:00; EndDateTime=2018-01-20T14:22:21.704-05:00; Duration=9.415
2018-01-20T14:29:26.256-05:00 WGC1W783YHM22 Metrics: Activity=LoadInTCVis; Session=4T; CurrentSite=PDCLOC1; LoginSite=PDCLOC1; StartDateTime=2018-01-20T14:28:35.883-05:00; EndDateTime=2018-01-20T14:29:26.256-05:00; Duration=27.635
2018-01-20T14:34:45.566-05:00 WGC1W783YHM22 Metrics: Activity=CreateECN; Session=4T; CurrentSite=PDCLOC1; LoginSite=PDCLOC1; StartDateTime=2018-01-20T14:34:36.266-05:00; EndDateTime=2018-01-20T14:34:45.566-05:00; Duration=5.967
2018-01-20T14:40:00.538-05:00 WGC1W783YHM22 Metrics: Activity=WhereReferenced; Session=4T; CurrentSite=PDCLOC1; LoginSite=PDCLOC1; StartDateTime=2018-01-20T14:39:53.131-05:00; EndDateTime=2018-01-20T14:40:00.538-05:00; Duration=2.475
2018-01-20T14:40:20.906-05:00 WGC1W783YHM22 Metrics: Activity=WhereUsed; Session=4T; CurrentSite=PDCLOC1; LoginSite=PDCLOC1; StartDateTime=2018-01-20T14:40:13.444-05:00; EndDateTime=2018-01-20T14:40:20.906-05:00; Duration=2.545
2018-01-20T14:43:40.501-05:00 WGC1W783YHM22 Metrics: Activity=ChangeGroup; Session=4T; CurrentSite=PDCLOC1; LoginSite=PDCLOC1; StartDateTime=2018-01-20T14:43:25.961-05:00; EndDateTime=2018-01-20T14:43:40.501-05:00; Duration=9.578
2018-01-20T14:46:35.060-05:00 WGC1W783YHM22 Metrics: Activity=LocalSearch; Session=4T; CurrentSite=PDCLOC1; LoginSite=PDCLOC1; StartDateTime=2018-01-20T14:46:27.333-05:00; EndDateTime=2018-01-20T14:46:35.060-05:00; Duration=2.812
2018-01-20T14:49:14.282-05:00 WGC1W783YHM22 Metrics: Activity=OpenInSM; Session=4T; CurrentSite=PDCLOC1; LoginSite=PDCLOC1; StartDateTime=2018-01-20T14:49:00.157-05:00; EndDateTime=2018-01-20T14:49:14.282-05:00; Duration=9.209
2018-01-20T14:51:36.883-05:00 WGC1W783YHM22 Metrics: Activity=RevisionRule; Session=4T; CurrentSite=PDCLOC1; LoginSite=PDCLOC1; StartDateTime=2018-01-20T14:51:23.796-05:00; EndDateTime=2018-01-20T14:51:36.883-05:00; Duration=8.217
2018-01-20T14:56:27.164-05:00 WGC1W783YHM22 Metrics: Activity=LoadInCatia; Session=4T; CurrentSite=PDCLOC1; LoginSite=PDCLOC1; StartDateTime=2018-01-20T14:55:53.645-05:00; EndDateTime=2018-01-20T14:56:27.164-05:00; Duration=24.905
2018-01-20T14:57:54.023-05:00 WGC1W783YHM22 Metrics: Activity=Logout; Session=4T; CurrentSite=PDCLOC1; LoginSite=PDCLOC1; StartDateTime=2018-01-20T14:57:30.725-05:00; EndDateTime=2018-01-20T14:57:54.023-05:00; Duration=12.157
2018-01-20T15:01:02.066-05:00 WGC1W783YHM22 Metrics: Activity=Login; Session=4T; CurrentSite=PDCLOC1; LoginSite=PDCLOC1; StartDateTime=2018-01-20T15:00:20.251-05:00; EndDateTime=2018-01-20T15:01:02.066-05:00; Duration=41.819
2018-01-20T16:01:03.125-05:00 WGC1W783YHM22 Metrics: Activity=Login; Session=4T; CurrentSite=PDCLOC1; LoginSite=PDCLOC1; StartDateTime=2018-01-20T16:00:20.197-05:00; EndDateTime=2018-01-20T16:01:03.125-05:00; Duration=42.933
2018-01-20T17:05:20.161-05:00 WGC1W783YHM22 Metrics: Activity=Login; Session=4T; CurrentSite=PDCLOC1; LoginSite=PDCLOC1; StartDateTime=2018-01-20T17:05:20.161-05:00; EndDateTime=2018-01-20T17:05:20.161-05:00; Duration=; Error="Getting Started WinWait Timeout"
2018-01-20T18:01:01.669-05:00 WGC1W783YHM22 Metrics: Activity=Login; Session=4T; CurrentSite=PDCLOC1; LoginSite=PDCLOC1; StartDateTime=2018-01-20T18:00:20.085-05:00; EndDateTime=2018-01-20T18:01:01.669-05:00; Duration=41.591
2018-01-20T19:01:05.824-05:00 WGC1W783YHM22 Metrics: Activity=Login; Session=4T; CurrentSite=PDCLOC1; LoginSite=PDCLOC1; StartDateTime=2018-01-20T19:00:20.520-05:00; EndDateTime=2018-01-20T19:01:05.824-05:00; Duration=45.311
2018-01-20T19:04:18.403-05:00 WGC1W783YHM22 Metrics: Activity=OpenFolder; Session=4T; CurrentSite=PDCLOC1; LoginSite=PDCLOC1; StartDateTime=2018-01-20T19:04:11.201-05:00; EndDateTime=2018-01-20T19:04:18.403-05:00; Duration=2.339
2018-01-20T19:08:42.352-05:00 WGC1W783YHM22 Metrics: Activity=RemoteSearch; Session=4T; CurrentSite=PDCLOC1; LoginSite=PDCLOC1; StartDateTime=2018-01-20T19:08:42.352-05:00; EndDateTime=2018-01-20T19:08:42.352-05:00; Duration=; Error="My Teamcenter TextAndRefresh Timeout"
2018-01-20T19:20:13.208-05:00 WGC1W783YHM22 Metrics: Activity=FreezeWorkflow; Session=4T; CurrentSite=PDCLOC1; LoginSite=PDCLOC1; StartDateTime=2018-01-20T19:19:59.413-05:00; EndDateTime=2018-01-20T19:20:13.208-05:00; Duration=8.823
2018-01-20T19:21:11.910-05:00 WGC1W783YHM22 Metrics: Activity=TcRevise; Session=4T; CurrentSite=PDCLOC1; LoginSite=PDCLOC1; StartDateTime=2018-01-20T19:20:47.895-05:00; EndDateTime=2018-01-20T19:21:11.910-05:00; Duration=19.05
2018-01-20T19:22:25.433-05:00 WGC1W783YHM22 Metrics: Activity=FreezeWorkflowPublished; Session=4T; CurrentSite=PDCLOC1; LoginSite=PDCLOC1; StartDateTime=2018-01-20T19:22:09.688-05:00; EndDateTime=2018-01-20T19:22:25.433-05:00; Duration=10.779
2018-01-20T19:29:29.975-05:00 WGC1W783YHM22 Metrics: Activity=LoadInTCVis; Session=4T; CurrentSite=PDCLOC1; LoginSite=PDCLOC1; StartDateTime=2018-01-20T19:28:39.874-05:00; EndDateTime=2018-01-20T19:29:29.975-05:00; Duration=27.369
2018-01-20T19:34:48.672-05:00 WGC1W783YHM22 Metrics: Activity=CreateECN; Session=4T; CurrentSite=PDCLOC1; LoginSite=PDCLOC1; StartDateTime=2018-01-20T19:34:38.903-05:00; EndDateTime=2018-01-20T19:34:48.672-05:00; Duration=6.452
2018-01-20T19:40:03.797-05:00 WGC1W783YHM22 Metrics: Activity=WhereReferenced; Session=4T; CurrentSite=PDCLOC1; LoginSite=PDCLOC1; StartDateTime=2018-01-20T19:39:56.204-05:00; EndDateTime=2018-01-20T19:40:03.797-05:00; Duration=2.647
2018-01-20T19:40:24.120-05:00 WGC1W783YHM22 Metrics: Activity=WhereUsed; Session=4T; CurrentSite=PDCLOC1; LoginSite=PDCLOC1; StartDateTime=2018-01-20T19:40:16.657-05:00; EndDateTime=2018-01-20T19:40:24.120-05:00; Duration=2.556
2018-01-20T19:43:43.084-05:00 WGC1W783YHM22 Metrics: Activity=ChangeGroup; Session=4T; CurrentSite=PDCLOC1; LoginSite=PDCLOC1; StartDateTime=2018-01-20T19:43:28.791-05:00; EndDateTime=2018-01-20T19:43:43.084-05:00; Duration=9.423
2018-01-20T19:46:36.772-05:00 WGC1W783YHM22 Metrics: Activity=LocalSearch; Session=4T; CurrentSite=PDCLOC1; LoginSite=PDCLOC1; StartDateTime=2018-01-20T19:46:28.797-05:00; EndDateTime=2018-01-20T19:46:36.772-05:00; Duration=2.86
2018-01-20T19:49:16.415-05:00 WGC1W783YHM22 Metrics: Activity=OpenInSM; Session=4T; CurrentSite=PDCLOC1; LoginSite=PDCLOC1; StartDateTime=2018-01-20T19:49:02.508-05:00; EndDateTime=2018-01-20T19:49:16.415-05:00; Duration=8.872
2018-01-20T19:51:39.825-05:00 WGC1W783YHM22 Metrics: Activity=RevisionRule; Session=4T; CurrentSite=PDCLOC1; LoginSite=PDCLOC1; StartDateTime=2018-01-20T19:51:25.902-05:00; EndDateTime=2018-01-20T19:51:39.825-05:00; Duration=8.972
2018-01-20T19:56:30.633-05:00 WGC1W783YHM22 Metrics: Activity=LoadInCatia; Session=4T; CurrentSite=PDCLOC1; LoginSite=PDCLOC1; StartDateTime=2018-01-20T19:55:56.631-05:00; EndDateTime=2018-01-20T19:56:30.633-05:00; Duration=25.417
2018-01-20T19:57:57.696-05:00 WGC1W783YHM22 Metrics: Activity=Logout; Session=4T; CurrentSite=PDCLOC1; LoginSite=PDCLOC1; StartDateTime=2018-01-20T19:57:34.202-05:00; EndDateTime=2018-01-20T19:57:57.696-05:00; Duration=12.298
2018-01-20T20:01:01.952-05:00 WGC1W783YHM22 Metrics: Activity=Login; Session=4T; CurrentSite=PDCLOC1; LoginSite=PDCLOC1; StartDateTime=2018-01-20T20:00:20.150-05:00; EndDateTime=2018-01-20T20:01:01.952-05:00; Duration=41.806
2018-01-20T21:00:59.377-05:00 WGC1W783YHM22 Metrics: Activity=Login; Session=4T; CurrentSite=PDCLOC1; LoginSite=PDCLOC1; StartDateTime=2018-01-20T21:00:20.170-05:00; EndDateTime=2018-01-20T21:00:59.377-05:00; Duration=39.222
2018-01-20T22:01:02.051-05:00 WGC1W783YHM22 Metrics: Activity=Login; Session=4T; CurrentSite=PDCLOC1; LoginSite=PDCLOC1; StartDateTime=2018-01-20T22:00:20.145-05:00; EndDateTime=2018-01-20T22:01:02.051-05:00; Duration=41.913
2018-01-20T23:01:01.068-05:00 WGC1W783YHM22 Metrics: Activity=Login; Session=4T; CurrentSite=PDCLOC1; LoginSite=PDCLOC1; StartDateTime=2018-01-20T23:00:20.357-05:00; EndDateTime=2018-01-20T23:01:01.068-05:00; Duration=40.719
2018-01-20T23:04:13.795-05:00 WGC1W783YHM22 Metrics: Activity=OpenFolder; Session=4T; CurrentSite=PDCLOC1; LoginSite=PDCLOC1; StartDateTime=2018-01-20T23:04:06.463-05:00; EndDateTime=2018-01-20T23:04:13.795-05:00; Duration=2.407
2018-01-20T23:08:37.889-05:00 WGC1W783YHM22 Metrics: Activity=RemoteSearch; Session=4T; CurrentSite=PDCLOC1; LoginSite=PDCLOC1; StartDateTime=2018-01-20T23:08:37.889-05:00; EndDateTime=2018-01-20T23:08:37.889-05:00; Duration=; Error="My Teamcenter TextAndRefresh Timeout"
2018-01-20T23:20:07.089-05:00 WGC1W783YHM22 Metrics: Activity=FreezeWorkflow; Session=4T; CurrentSite=PDCLOC1; LoginSite=PDCLOC1; StartDateTime=2018-01-20T23:19:54.784-05:00; EndDateTime=2018-01-20T23:20:07.089-05:00; Duration=7.357
2018-01-20T23:21:05.906-05:00 WGC1W783YHM22 Metrics: Activity=TcRevise; Session=4T; CurrentSite=PDCLOC1; LoginSite=PDCLOC1; StartDateTime=2018-01-20T23:20:41.880-05:00; EndDateTime=2018-01-20T23:21:05.906-05:00; Duration=19.088
2018-01-20T23:22:18.160-05:00 WGC1W783YHM22 Metrics: Activity=FreezeWorkflowPublished; Session=4T; CurrentSite=PDCLOC1; LoginSite=PDCLOC1; StartDateTime=2018-01-20T23:22:03.767-05:00; EndDateTime=2018-01-20T23:22:18.160-05:00; Duration=9.454
2018-01-20T23:29:22.710-05:00 WGC1W783YHM22 Metrics: Activity=LoadInTCVis; Session=4T; CurrentSite=PDCLOC1; LoginSite=PDCLOC1; StartDateTime=2018-01-20T23:28:32.045-05:00; EndDateTime=2018-01-20T23:29:22.710-05:00; Duration=27.95
2018-01-20T23:34:41.286-05:00 WGC1W783YHM22 Metrics: Activity=CreateECN; Session=4T; CurrentSite=PDCLOC1; LoginSite=PDCLOC1; StartDateTime=2018-01-20T23:34:31.769-05:00; EndDateTime=2018-01-20T23:34:41.286-05:00; Duration=6.185
2018-01-20T23:39:50.290-05:00 WGC1W783YHM22 Metrics: Activity=WhereReferenced; Session=4T; CurrentSite=PDCLOC1; LoginSite=PDCLOC1; StartDateTime=2018-01-20T23:39:42.807-05:00; EndDateTime=2018-01-20T23:39:50.290-05:00; Duration=2.514
2018-01-20T23:40:10.566-05:00 WGC1W783YHM22 Metrics: Activity=WhereUsed; Session=4T; CurrentSite=PDCLOC1; LoginSite=PDCLOC1; StartDateTime=2018-01-20T23:40:03.150-05:00; EndDateTime=2018-01-20T23:40:10.566-05:00; Duration=2.491
2018-01-20T23:43:29.715-05:00 WGC1W783YHM22 Metrics: Activity=ChangeGroup; Session=4T; CurrentSite=PDCLOC1; LoginSite=PDCLOC1; StartDateTime=2018-01-20T23:43:15.466-05:00; EndDateTime=2018-01-20T23:43:29.715-05:00; Duration=9.377
2018-01-20T23:46:25.124-05:00 WGC1W783YHM22 Metrics: Activity=LocalSearch; Session=4T; CurrentSite=PDCLOC1; LoginSite=PDCLOC1; StartDateTime=2018-01-20T23:46:17.377-05:00; EndDateTime=2018-01-20T23:46:25.124-05:00; Duration=2.792
2018-01-20T23:49:04.776-05:00 WGC1W783YHM22 Metrics: Activity=OpenInSM; Session=4T; CurrentSite=PDCLOC1; LoginSite=PDCLOC1; StartDateTime=2018-01-20T23:48:50.584-05:00; EndDateTime=2018-01-20T23:49:04.776-05:00; Duration=9.26
2018-01-20T23:51:27.936-05:00 WGC1W783YHM22 Metrics: Activity=RevisionRule; Session=4T; CurrentSite=PDCLOC1; LoginSite=PDCLOC1; StartDateTime=2018-01-20T23:51:14.294-05:00; EndDateTime=2018-01-20T23:51:27.936-05:00; Duration=8.732
2018-01-20T23:56:20.207-05:00 WGC1W783YHM22 Metrics: Activity=LoadInCatia; Session=4T; CurrentSite=PDCLOC1; LoginSite=PDCLOC1; StartDateTime=2018-01-20T23:55:46.106-05:00; EndDateTime=2018-01-20T23:56:20.207-05:00; Duration=25.488
2018-01-20T23:57:47.213-05:00 WGC1W783YHM22 Metrics: Activity=Logout; Session=4T; CurrentSite=PDCLOC1; LoginSite=PDCLOC1; StartDateTime=2018-01-20T23:57:23.761-05:00; EndDateTime=2018-01-20T23:57:47.213-05:00; Duration=12.315
2018-01-21T00:01:01.884-05:00 WGC1W783YHM22 Metrics: Activity=Login; Session=4T; CurrentSite=PDCLOC1; LoginSite=PDCLOC1; StartDateTime=2018-01-21T00:00:20.183-05:00; EndDateTime=2018-01-21T00:01:01.884-05:00; Duration=41.708
2018-01-21T01:01:02.709-05:00 WGC1W783YHM22 Metrics: Activity=Login; Session=4T; CurrentSite=PDCLOC1; LoginSite=PDCLOC1; StartDateTime=2018-01-21T01:00:20.238-05:00; EndDateTime=2018-01-21T01:01:02.709-05:00; Duration=42.478
2018-01-21T02:01:01.409-05:00 WGC1W783YHM22 Metrics: Activity=Login; Session=4T; CurrentSite=PDCLOC1; LoginSite=PDCLOC1; StartDateTime=2018-01-21T02:00:20.256-05:00; EndDateTime=2018-01-21T02:01:01.409-05:00; Duration=41.16
2018-01-21T03:01:03.768-05:00 WGC1W783YHM22 Metrics: Activity=Login; Session=4T; CurrentSite=PDCLOC1; LoginSite=PDCLOC1; StartDateTime=2018-01-21T03:00:20.400-05:00; EndDateTime=2018-01-21T03:01:03.768-05:00; Duration=43.374
2018-01-21T03:04:16.345-05:00 WGC1W783YHM22 Metrics: Activity=OpenFolder; Session=4T; CurrentSite=PDCLOC1; LoginSite=PDCLOC1; StartDateTime=2018-01-21T03:04:09.088-05:00; EndDateTime=2018-01-21T03:04:16.345-05:00; Duration=2.387
2018-01-21T03:08:40.492-05:00 WGC1W783YHM22 Metrics: Activity=RemoteSearch; Session=4T; CurrentSite=PDCLOC1; LoginSite=PDCLOC1; StartDateTime=2018-01-21T03:08:40.492-05:00; EndDateTime=2018-01-21T03:08:40.492-05:00; Duration=; Error="My Teamcenter TextAndRefresh Timeout"
2018-01-21T03:20:12.600-05:00 WGC1W783YHM22 Metrics: Activity=FreezeWorkflow; Session=4T; CurrentSite=PDCLOC1; LoginSite=PDCLOC1; StartDateTime=2018-01-21T03:19:58.274-05:00; EndDateTime=2018-01-21T03:20:12.600-05:00; Duration=9.207
2018-01-21T03:21:11.404-05:00 WGC1W783YHM22 Metrics: Activity=TcRevise; Session=4T; CurrentSite=PDCLOC1; LoginSite=PDCLOC1; StartDateTime=2018-01-21T03:20:47.463-05:00; EndDateTime=2018-01-21T03:21:11.404-05:00; Duration=18.993
2018-01-21T03:22:25.173-05:00 WGC1W783YHM22 Metrics: Activity=FreezeWorkflowPublished; Session=4T; CurrentSite=PDCLOC1; LoginSite=PDCLOC1; StartDateTime=2018-01-21T03:22:09.129-05:00; EndDateTime=2018-01-21T03:22:25.173-05:00; Duration=11.114
2018-01-21T03:29:32.012-05:00 WGC1W783YHM22 Metrics: Activity=LoadInTCVis; Session=4T; CurrentSite=PDCLOC1; LoginSite=PDCLOC1; StartDateTime=2018-01-21T03:28:38.933-05:00; EndDateTime=2018-01-21T03:29:32.012-05:00; Duration=30.361
2018-01-21T03:34:50.359-05:00 WGC1W783YHM22 Metrics: Activity=CreateECN; Session=4T; CurrentSite=PDCLOC1; LoginSite=PDCLOC1; StartDateTime=2018-01-21T03:34:40.964-05:00; EndDateTime=2018-01-21T03:34:50.359-05:00; Duration=6.062
2018-01-21T03:40:02.956-05:00 WGC1W783YHM22 Metrics: Activity=WhereReferenced; Session=4T; CurrentSite=PDCLOC1; LoginSite=PDCLOC1; StartDateTime=2018-01-21T03:39:55.471-05:00; EndDateTime=2018-01-21T03:40:02.956-05:00; Duration=2.533
2018-01-21T03:40:23.227-05:00 WGC1W783YHM22 Metrics: Activity=WhereUsed; Session=4T; CurrentSite=PDCLOC1; LoginSite=PDCLOC1; StartDateTime=2018-01-21T03:40:15.831-05:00; EndDateTime=2018-01-21T03:40:23.227-05:00; Duration=2.525
2018-01-21T03:43:42.978-05:00 WGC1W783YHM22 Metrics: Activity=ChangeGroup; Session=4T; CurrentSite=PDCLOC1; LoginSite=PDCLOC1; StartDateTime=2018-01-21T03:43:28.062-05:00; EndDateTime=2018-01-21T03:43:42.978-05:00; Duration=10.021
2018-01-21T03:46:38.703-05:00 WGC1W783YHM22 Metrics: Activity=LocalSearch; Session=4T; CurrentSite=PDCLOC1; LoginSite=PDCLOC1; StartDateTime=2018-01-21T03:46:30.590-05:00; EndDateTime=2018-01-21T03:46:38.703-05:00; Duration=3.191
2018-01-21T03:49:18.642-05:00 WGC1W783YHM22 Metrics: Activity=OpenInSM; Session=4T; CurrentSite=PDCLOC1; LoginSite=PDCLOC1; StartDateTime=2018-01-21T03:49:04.338-05:00; EndDateTime=2018-01-21T03:49:18.642-05:00; Duration=9.346
2018-01-21T03:51:42.311-05:00 WGC1W783YHM22 Metrics: Activity=RevisionRule; Session=4T; CurrentSite=PDCLOC1; LoginSite=PDCLOC1; StartDateTime=2018-01-21T03:51:28.130-05:00; EndDateTime=2018-01-21T03:51:42.311-05:00; Duration=9.159
2018-01-21T03:56:39.434-05:00 WGC1W783YHM22 Metrics: Activity=LoadInCatia; Session=4T; CurrentSite=PDCLOC1; LoginSite=PDCLOC1; StartDateTime=2018-01-21T03:56:06.700-05:00; EndDateTime=2018-01-21T03:56:39.434-05:00; Duration=24.129
2018-01-21T03:58:06.506-05:00 WGC1W783YHM22 Metrics: Activity=Logout; Session=4T; CurrentSite=PDCLOC1; LoginSite=PDCLOC1; StartDateTime=2018-01-21T03:57:43.036-05:00; EndDateTime=2018-01-21T03:58:06.506-05:00; Duration=12.33
2018-01-21T04:01:02.817-05:00 WGC1W783YHM22 Metrics: Activity=Login; Session=4T; CurrentSite=PDCLOC1; LoginSite=PDCLOC1; StartDateTime=2018-01-21T04:00:20.175-05:00; EndDateTime=2018-01-21T04:01:02.817-05:00; Duration=42.645
2018-01-21T05:01:01.604-05:00 WGC1W783YHM22 Metrics: Activity=Login; Session=4T; CurrentSite=PDCLOC1; LoginSite=PDCLOC1; StartDateTime=2018-01-21T05:00:20.127-05:00; EndDateTime=2018-01-21T05:01:01.604-05:00; Duration=41.485
2018-01-21T06:01:06.036-05:00 WGC1W783YHM22 Metrics: Activity=Login; Session=4T; CurrentSite=PDCLOC1; LoginSite=PDCLOC1; StartDateTime=2018-01-21T06:00:20.201-05:00; EndDateTime=2018-01-21T06:01:06.036-05:00; Duration=45.843
2018-01-21T06:04:18.689-05:00 WGC1W783YHM22 Metrics: Activity=OpenFolder; Session=4T; CurrentSite=PDCLOC1; LoginSite=PDCLOC1; StartDateTime=2018-01-21T06:04:11.399-05:00; EndDateTime=2018-01-21T06:04:18.689-05:00; Duration=2.352
2018-01-21T06:08:41.719-05:00 WGC1W783YHM22 Metrics: Activity=RemoteSearch; Session=4T; CurrentSite=PDCLOC1; LoginSite=PDCLOC1; StartDateTime=2018-01-21T06:08:41.719-05:00; EndDateTime=2018-01-21T06:08:41.719-05:00; Duration=; Error="My Teamcenter TextAndRefresh Timeout"
2018-01-21T06:20:12.969-05:00 WGC1W783YHM22 Metrics: Activity=FreezeWorkflow; Session=4T; CurrentSite=PDCLOC1; LoginSite=PDCLOC1; StartDateTime=2018-01-21T06:20:00.000-05:00; EndDateTime=2018-01-21T06:20:12.969-05:00; Duration=8.027
2018-01-21T06:21:11.783-05:00 WGC1W783YHM22 Metrics: Activity=TcRevise; Session=4T; CurrentSite=PDCLOC1; LoginSite=PDCLOC1; StartDateTime=2018-01-21T06:20:47.769-05:00; EndDateTime=2018-01-21T06:21:11.783-05:00; Duration=19.08
2018-01-21T06:22:24.707-05:00 WGC1W783YHM22 Metrics: Activity=FreezeWorkflowPublished; Session=4T; CurrentSite=PDCLOC1; LoginSite=PDCLOC1; StartDateTime=2018-01-21T06:22:09.603-05:00; EndDateTime=2018-01-21T06:22:24.707-05:00; Duration=10.127
2018-01-21T06:29:30.359-05:00 WGC1W783YHM22 Metrics: Activity=LoadInTCVis; Session=4T; CurrentSite=PDCLOC1; LoginSite=PDCLOC1; StartDateTime=2018-01-21T06:28:38.592-05:00; EndDateTime=2018-01-21T06:29:30.359-05:00; Duration=29.055
2018-01-21T06:34:49.292-05:00 WGC1W783YHM22 Metrics: Activity=CreateECN; Session=4T; CurrentSite=PDCLOC1; LoginSite=PDCLOC1; StartDateTime=2018-01-21T06:34:39.343-05:00; EndDateTime=2018-01-21T06:34:49.292-05:00; Duration=6.643
2018-01-21T06:36:25.320-05:00 WGC1W783YHM22 Metrics: Activity=DeleteItem; Session=4T; CurrentSite=PDCLOC1; LoginSite=PDCLOC1; StartDateTime=2018-01-21T06:36:25.320-05:00; EndDateTime=2018-01-21T06:36:25.320-05:00; Duration=; Error="My Teamcenter WinActivate Timeout"
2018-01-21T07:00:59.370-05:00 WGC1W783YHM22 Metrics: Activity=Login; Session=4T; CurrentSite=PDCLOC1; LoginSite=PDCLOC1; StartDateTime=2018-01-21T07:00:20.425-05:00; EndDateTime=2018-01-21T07:00:59.370-05:00; Duration=38.948
2018-01-21T07:04:11.132-05:00 WGC1W783YHM22 Metrics: Activity=OpenFolder; Session=4T; CurrentSite=PDCLOC1; LoginSite=PDCLOC1; StartDateTime=2018-01-21T07:04:05.050-05:00; EndDateTime=2018-01-21T07:04:11.132-05:00; Duration=2.814
2018-01-21T07:07:34.012-05:00 WGC1W783YHM22 Metrics: Activity=RemoteSearch; Session=4T; CurrentSite=PDCLOC1; LoginSite=PDCLOC1; StartDateTime=2018-01-21T07:07:34.012-05:00; EndDateTime=2018-01-21T07:07:34.012-05:00; Duration=; Error="My Teamcenter TextAndRefresh Timeout"
2018-01-21T08:05:20.464-05:00 WGC1W783YHM22 Metrics: Activity=Login; Session=4T; CurrentSite=PDCLOC1; LoginSite=PDCLOC1; StartDateTime=2018-01-21T08:05:20.464-05:00; EndDateTime=2018-01-21T08:05:20.464-05:00; Duration=; Error="Getting Started WinWait Timeout"
2018-01-21T09:01:01.933-05:00 WGC1W783YHM22 Metrics: Activity=Login; Session=4T; CurrentSite=PDCLOC1; LoginSite=PDCLOC1; StartDateTime=2018-01-21T09:00:20.309-05:00; EndDateTime=2018-01-21T09:01:01.933-05:00; Duration=41.631
2018-01-21T09:04:15.402-05:00 WGC1W783YHM22 Metrics: Activity=OpenFolder; Session=4T; CurrentSite=PDCLOC1; LoginSite=PDCLOC1; StartDateTime=2018-01-21T09:04:07.401-05:00; EndDateTime=2018-01-21T09:04:15.402-05:00; Duration=3.107
2018-01-21T09:08:39.370-05:00 WGC1W783YHM22 Metrics: Activity=RemoteSearch; Session=4T; CurrentSite=PDCLOC1; LoginSite=PDCLOC1; StartDateTime=2018-01-21T09:08:39.370-05:00; EndDateTime=2018-01-21T09:08:39.370-05:00; Duration=; Error="My Teamcenter TextAndRefresh Timeout"
2018-01-21T09:20:07.933-05:00 WGC1W783YHM22 Metrics: Activity=FreezeWorkflow; Session=4T; CurrentSite=PDCLOC1; LoginSite=PDCLOC1; StartDateTime=2018-01-21T09:19:55.092-05:00; EndDateTime=2018-01-21T09:20:07.933-05:00; Duration=7.791
2018-01-21T09:21:06.829-05:00 WGC1W783YHM22 Metrics: Activity=TcRevise; Session=4T; CurrentSite=PDCLOC1; LoginSite=PDCLOC1; StartDateTime=2018-01-21T09:20:42.841-05:00; EndDateTime=2018-01-21T09:21:06.829-05:00; Duration=19.015
2018-01-21T09:22:17.437-05:00 WGC1W783YHM22 Metrics: Activity=FreezeWorkflowPublished; Session=4T; CurrentSite=PDCLOC1; LoginSite=PDCLOC1; StartDateTime=2018-01-21T09:22:04.625-05:00; EndDateTime=2018-01-21T09:22:17.437-05:00; Duration=7.849
2018-01-21T09:29:24.401-05:00 WGC1W783YHM22 Metrics: Activity=LoadInTCVis; Session=4T; CurrentSite=PDCLOC1; LoginSite=PDCLOC1; StartDateTime=2018-01-21T09:28:32.540-05:00; EndDateTime=2018-01-21T09:29:24.401-05:00; Duration=29.134
2018-01-21T09:34:41.843-05:00 WGC1W783YHM22 Metrics: Activity=CreateECN; Session=4T; CurrentSite=PDCLOC1; LoginSite=PDCLOC1; StartDateTime=2018-01-21T09:34:33.289-05:00; EndDateTime=2018-01-21T09:34:41.843-05:00; Duration=5.242
2018-01-21T09:39:54.371-05:00 WGC1W783YHM22 Metrics: Activity=WhereReferenced; Session=4T; CurrentSite=PDCLOC1; LoginSite=PDCLOC1; StartDateTime=2018-01-21T09:39:46.948-05:00; EndDateTime=2018-01-21T09:39:54.371-05:00; Duration=2.54
2018-01-21T09:40:14.589-05:00 WGC1W783YHM22 Metrics: Activity=WhereUsed; Session=4T; CurrentSite=PDCLOC1; LoginSite=PDCLOC1; StartDateTime=2018-01-21T09:40:07.231-05:00; EndDateTime=2018-01-21T09:40:14.589-05:00; Duration=2.493
2018-01-21T09:43:33.439-05:00 WGC1W783YHM22 Metrics: Activity=ChangeGroup; Session=4T; CurrentSite=PDCLOC1; LoginSite=PDCLOC1; StartDateTime=2018-01-21T09:43:18.688-05:00; EndDateTime=2018-01-21T09:43:33.439-05:00; Duration=9.813
2018-01-21T09:46:27.982-05:00 WGC1W783YHM22 Metrics: Activity=LocalSearch; Session=4T; CurrentSite=PDCLOC1; LoginSite=PDCLOC1; StartDateTime=2018-01-21T09:46:20.000-05:00; EndDateTime=2018-01-21T09:46:27.982-05:00; Duration=2.85
2018-01-21T09:49:07.565-05:00 WGC1W783YHM22 Metrics: Activity=OpenInSM; Session=4T; CurrentSite=PDCLOC1; LoginSite=PDCLOC1; StartDateTime=2018-01-21T09:48:52.942-05:00; EndDateTime=2018-01-21T09:49:07.565-05:00; Duration=9.6
2018-01-21T09:51:30.052-05:00 WGC1W783YHM22 Metrics: Activity=RevisionRule; Session=4T; CurrentSite=PDCLOC1; LoginSite=PDCLOC1; StartDateTime=2018-01-21T09:51:16.973-05:00; EndDateTime=2018-01-21T09:51:30.052-05:00; Duration=8.15
2018-01-21T09:56:18.048-05:00 WGC1W783YHM22 Metrics: Activity=LoadInCatia; Session=4T; CurrentSite=PDCLOC1; LoginSite=PDCLOC1; StartDateTime=2018-01-21T09:55:46.536-05:00; EndDateTime=2018-01-21T09:56:18.048-05:00; Duration=22.927
2018-01-21T09:57:45.069-05:00 WGC1W783YHM22 Metrics: Activity=Logout; Session=4T; CurrentSite=PDCLOC1; LoginSite=PDCLOC1; StartDateTime=2018-01-21T09:57:21.697-05:00; EndDateTime=2018-01-21T09:57:45.069-05:00; Duration=12.222
2018-01-21T10:00:59.656-05:00 WGC1W783YHM22 Metrics: Activity=Login; Session=4T; CurrentSite=PDCLOC1; LoginSite=PDCLOC1; StartDateTime=2018-01-21T10:00:20.403-05:00; EndDateTime=2018-01-21T10:00:59.656-05:00; Duration=39.255
2018-01-21T11:01:00.834-05:00 WGC1W783YHM22 Metrics: Activity=Login; Session=4T; CurrentSite=PDCLOC1; LoginSite=PDCLOC1; StartDateTime=2018-01-21T11:00:20.180-05:00; EndDateTime=2018-01-21T11:01:00.834-05:00; Duration=40.661
2018-01-21T12:01:13.056-05:00 WGC1W783YHM22 Metrics: Activity=Login; Session=4T; CurrentSite=PDCLOC1; LoginSite=PDCLOC1; StartDateTime=2018-01-21T12:00:20.548-05:00; EndDateTime=2018-01-21T12:01:13.056-05:00; Duration=52.515
2018-01-21T13:01:12.103-05:00 WGC1W783YHM22 Metrics: Activity=Login; Session=4T; CurrentSite=PDCLOC1; LoginSite=PDCLOC1; StartDateTime=2018-01-21T13:00:20.441-05:00; EndDateTime=2018-01-21T13:01:12.103-05:00; Duration=51.668
2018-01-21T14:01:05.827-05:00 WGC1W783YHM22 Metrics: Activity=Login; Session=4T; CurrentSite=PDCLOC1; LoginSite=PDCLOC1; StartDateTime=2018-01-21T14:00:20.275-05:00; EndDateTime=2018-01-21T14:01:05.827-05:00; Duration=45.559
2018-01-21T15:01:30.834-05:00 WGC1W783YHM22 Metrics: Activity=Login; Session=4T; CurrentSite=PDCLOC1; LoginSite=PDCLOC1; StartDateTime=2018-01-21T15:00:20.375-05:00; EndDateTime=2018-01-21T15:01:30.834-05:00; Duration=70.466
2018-01-21T16:01:04.491-05:00 WGC1W783YHM22 Metrics: Activity=Login; Session=4T; CurrentSite=PDCLOC1; LoginSite=PDCLOC1; StartDateTime=2018-01-21T16:00:20.474-05:00; EndDateTime=2018-01-21T16:01:04.491-05:00; Duration=44.025
2018-01-21T16:04:17.221-05:00 WGC1W783YHM22 Metrics: Activity=OpenFolder; Session=4T; CurrentSite=PDCLOC1; LoginSite=PDCLOC1; StartDateTime=2018-01-21T16:04:09.864-05:00; EndDateTime=2018-01-21T16:04:17.221-05:00; Duration=2.404
2018-01-21T16:08:41.137-05:00 WGC1W783YHM22 Metrics: Activity=RemoteSearch; Session=4T; CurrentSite=PDCLOC1; LoginSite=PDCLOC1; StartDateTime=2018-01-21T16:08:41.137-05:00; EndDateTime=2018-01-21T16:08:41.137-05:00; Duration=; Error="My Teamcenter TextAndRefresh Timeout"
2018-01-21T16:20:17.251-05:00 WGC1W783YHM22 Metrics: Activity=FreezeWorkflow; Session=4T; CurrentSite=PDCLOC1; LoginSite=PDCLOC1; StartDateTime=2018-01-21T16:20:01.452-05:00; EndDateTime=2018-01-21T16:20:17.251-05:00; Duration=10.86
2018-01-21T16:21:15.951-05:00 WGC1W783YHM22 Metrics: Activity=TcRevise; Session=4T; CurrentSite=PDCLOC1; LoginSite=PDCLOC1; StartDateTime=2018-01-21T16:20:52.013-05:00; EndDateTime=2018-01-21T16:21:15.951-05:00; Duration=19.032
2018-01-21T16:22:31.943-05:00 WGC1W783YHM22 Metrics: Activity=FreezeWorkflowPublished; Session=4T; CurrentSite=PDCLOC1; LoginSite=PDCLOC1; StartDateTime=2018-01-21T16:22:13.727-05:00; EndDateTime=2018-01-21T16:22:31.943-05:00; Duration=13.262
2018-01-21T16:29:41.224-05:00 WGC1W783YHM22 Metrics: Activity=LoadInTCVis; Session=4T; CurrentSite=PDCLOC1; LoginSite=PDCLOC1; StartDateTime=2018-01-21T16:28:46.423-05:00; EndDateTime=2018-01-21T16:29:41.224-05:00; Duration=32.075
2018-01-21T16:35:01.179-05:00 WGC1W783YHM22 Metrics: Activity=CreateECN; Session=4T; CurrentSite=PDCLOC1; LoginSite=PDCLOC1; StartDateTime=2018-01-21T16:34:50.341-05:00; EndDateTime=2018-01-21T16:35:01.179-05:00; Duration=7.543
2018-01-21T16:40:46.773-05:00 WGC1W783YHM22 Metrics: Activity=WhereReferenced; Session=4T; CurrentSite=PDCLOC1; LoginSite=PDCLOC1; StartDateTime=2018-01-21T16:40:39.392-05:00; EndDateTime=2018-01-21T16:40:46.773-05:00; Duration=2.474
2018-01-21T16:41:07.067-05:00 WGC1W783YHM22 Metrics: Activity=WhereUsed; Session=4T; CurrentSite=PDCLOC1; LoginSite=PDCLOC1; StartDateTime=2018-01-21T16:40:59.632-05:00; EndDateTime=2018-01-21T16:41:07.067-05:00; Duration=2.48
2018-01-21T16:44:28.605-05:00 WGC1W783YHM22 Metrics: Activity=ChangeGroup; Session=4T; CurrentSite=PDCLOC1; LoginSite=PDCLOC1; StartDateTime=2018-01-21T16:44:11.306-05:00; EndDateTime=2018-01-21T16:44:28.605-05:00; Duration=12.35
2018-01-21T16:47:25.710-05:00 WGC1W783YHM22 Metrics: Activity=LocalSearch; Session=4T; CurrentSite=PDCLOC1; LoginSite=PDCLOC1; StartDateTime=2018-01-21T16:47:17.616-05:00; EndDateTime=2018-01-21T16:47:25.710-05:00; Duration=3.172
2018-01-21T16:50:11.116-05:00 WGC1W783YHM22 Metrics: Activity=OpenInSM; Session=4T; CurrentSite=PDCLOC1; LoginSite=PDCLOC1; StartDateTime=2018-01-21T16:49:53.147-05:00; EndDateTime=2018-01-21T16:50:11.116-05:00; Duration=13.027
2018-01-21T16:52:35.017-05:00 WGC1W783YHM22 Metrics: Activity=RevisionRule; Session=4T; CurrentSite=PDCLOC1; LoginSite=PDCLOC1; StartDateTime=2018-01-21T16:52:20.495-05:00; EndDateTime=2018-01-21T16:52:35.017-05:00; Duration=9.549
2018-01-21T16:57:26.733-05:00 WGC1W783YHM22 Metrics: Activity=LoadInCatia; Session=4T; CurrentSite=PDCLOC1; LoginSite=PDCLOC1; StartDateTime=2018-01-21T16:56:52.215-05:00; EndDateTime=2018-01-21T16:57:26.733-05:00; Duration=25.914
2018-01-21T16:58:54.925-05:00 WGC1W783YHM22 Metrics: Activity=Logout; Session=4T; CurrentSite=PDCLOC1; LoginSite=PDCLOC1; StartDateTime=2018-01-21T16:58:30.318-05:00; EndDateTime=2018-01-21T16:58:54.925-05:00; Duration=13.47
2018-01-21T17:01:46.675-05:00 WGC1W783YHM22 Metrics: Activity=Login; Session=4T; CurrentSite=PDCLOC1; LoginSite=PDCLOC1; StartDateTime=2018-01-21T17:00:20.450-05:00; EndDateTime=2018-01-21T17:01:46.675-05:00; Duration=86.231
2018-01-21T18:01:12.071-05:00 WGC1W783YHM22 Metrics: Activity=Login; Session=4T; CurrentSite=PDCLOC1; LoginSite=PDCLOC1; StartDateTime=2018-01-21T18:00:20.409-05:00; EndDateTime=2018-01-21T18:01:12.071-05:00; Duration=51.669
2018-01-21T19:01:07.404-05:00 WGC1W783YHM22 Metrics: Activity=Login; Session=4T; CurrentSite=PDCLOC1; LoginSite=PDCLOC1; StartDateTime=2018-01-21T19:00:21.345-05:00; EndDateTime=2018-01-21T19:01:07.404-05:00; Duration=46.065
2018-01-21T20:01:04.274-05:00 WGC1W783YHM22 Metrics: Activity=Login; Session=4T; CurrentSite=PDCLOC1; LoginSite=PDCLOC1; StartDateTime=2018-01-21T20:00:20.445-05:00; EndDateTime=2018-01-21T20:01:04.274-05:00; Duration=43.836
2018-01-21T21:01:07.731-05:00 WGC1W783YHM22 Metrics: Activity=Login; Session=4T; CurrentSite=PDCLOC1; LoginSite=PDCLOC1; StartDateTime=2018-01-21T21:00:20.610-05:00; EndDateTime=2018-01-21T21:01:07.731-05:00; Duration=47.128
2018-01-21T22:01:03.974-05:00 WGC1W783YHM22 Metrics: Activity=Login; Session=4T; CurrentSite=PDCLOC1; LoginSite=PDCLOC1; StartDateTime=2018-01-21T22:00:20.333-05:00; EndDateTime=2018-01-21T22:01:03.974-05:00; Duration=43.649
2018-01-21T23:01:06.402-05:00 WGC1W783YHM22 Metrics: Activity=Login; Session=4T; CurrentSite=PDCLOC1; LoginSite=PDCLOC1; StartDateTime=2018-01-21T23:00:20.276-05:00; EndDateTime=2018-01-21T23:01:06.402-05:00; Duration=46.134
2018-01-22T00:01:05.426-05:00 WGC1W783YHM22 Metrics: Activity=Login; Session=4T; CurrentSite=PDCLOC1; LoginSite=PDCLOC1; StartDateTime=2018-01-22T00:00:20.377-05:00; EndDateTime=2018-01-22T00:01:05.426-05:00; Duration=45.058
2018-01-22T01:01:05.609-05:00 WGC1W783YHM22 Metrics: Activity=Login; Session=4T; CurrentSite=PDCLOC1; LoginSite=PDCLOC1; StartDateTime=2018-01-22T01:00:20.496-05:00; EndDateTime=2018-01-22T01:01:05.609-05:00; Duration=45.121
2018-01-22T02:01:13.245-05:00 WGC1W783YHM22 Metrics: Activity=Login; Session=4T; CurrentSite=PDCLOC1; LoginSite=PDCLOC1; StartDateTime=2018-01-22T02:00:20.851-05:00; EndDateTime=2018-01-22T02:01:13.245-05:00; Duration=52.4
2018-01-22T03:00:59.958-05:00 WGC1W783YHM22 Metrics: Activity=Login; Session=4T; CurrentSite=PDCLOC1; LoginSite=PDCLOC1; StartDateTime=2018-01-22T03:00:20.559-05:00; EndDateTime=2018-01-22T03:00:59.958-05:00; Duration=39.407
2018-01-22T04:01:03.151-05:00 WGC1W783YHM22 Metrics: Activity=Login; Session=4T; CurrentSite=PDCLOC1; LoginSite=PDCLOC1; StartDateTime=2018-01-22T04:00:20.587-05:00; EndDateTime=2018-01-22T04:01:03.151-05:00; Duration=42.57
2018-01-22T05:01:11.259-05:00 WGC1W783YHM22 Metrics: Activity=Login; Session=4T; CurrentSite=PDCLOC1; LoginSite=PDCLOC1; StartDateTime=2018-01-22T05:00:20.355-05:00; EndDateTime=2018-01-22T05:01:11.259-05:00; Duration=50.913
2018-01-22T06:01:09.749-05:00 WGC1W783YHM22 Metrics: Activity=Login; Session=4T; CurrentSite=PDCLOC1; LoginSite=PDCLOC1; StartDateTime=2018-01-22T06:00:21.026-05:00; EndDateTime=2018-01-22T06:01:09.749-05:00; Duration=48.729
2018-01-22T07:01:07.500-05:00 WGC1W783YHM22 Metrics: Activity=Login; Session=4T; CurrentSite=PDCLOC1; LoginSite=PDCLOC1; StartDateTime=2018-01-22T07:00:20.638-05:00; EndDateTime=2018-01-22T07:01:07.500-05:00; Duration=46.868
2018-01-22T08:01:13.453-05:00 WGC1W783YHM22 Metrics: Activity=Login; Session=4T; CurrentSite=PDCLOC1; LoginSite=PDCLOC1; StartDateTime=2018-01-22T08:00:20.393-05:00; EndDateTime=2018-01-22T08:01:13.453-05:00; Duration=53.067
2018-01-22T09:01:19.176-05:00 WGC1W783YHM22 Metrics: Activity=Login; Session=4T; CurrentSite=PDCLOC1; LoginSite=PDCLOC1; StartDateTime=2018-01-22T09:00:20.712-05:00; EndDateTime=2018-01-22T09:01:19.176-05:00; Duration=58.471
2018-01-22T10:01:21.854-05:00 WGC1W783YHM22 Metrics: Activity=Login; Session=4T; CurrentSite=PDCLOC1; LoginSite=PDCLOC1; StartDateTime=2018-01-22T10:00:20.410-05:00; EndDateTime=2018-01-22T10:01:21.854-05:00; Duration=61.451
